[[1;34mINFO[m] Scanning for projects...
[[1;34mINFO[m] 
[[1;34mINFO[m] [1m------------------------< [0;36mmoscode:osiekblinds[0;1m >-------------------------[m
[[1;34mINFO[m] [1mBuilding osiekblinds 0.0.1-SNAPSHOT[m
[[1;34mINFO[m] [1m--------------------------------[ jar ]---------------------------------[m
[[1;34mINFO[m] 
[[1;34mINFO[m] [1m--- [0;32mmaven-clean-plugin:3.2.0:clean[m [1m(default-clean)[m @ [36mosiekblinds[0;1m ---[m
[[1;34mINFO[m] Deleting /home/pi/osiekblinds/target
[[1;34mINFO[m] 
[[1;34mINFO[m] [1m--- [0;32mfrontend-maven-plugin:1.12.1:install-node-and-npm[m [1m(install node and npm)[m @ [36mosiekblinds[0;1m ---[m
[[1;34mINFO[m] Installing node version v16.16.0
[[1;34mINFO[m] Unpacking /home/pi/.m2/repository/com/github/eirslett/node/16.16.0/node-16.16.0-linux-armv7l.tar.gz into /home/pi/osiekblinds/target/node/tmp
[[1;34mINFO[m] Copying node binary from /home/pi/osiekblinds/target/node/tmp/node-v16.16.0-linux-armv7l/bin/node to /home/pi/osiekblinds/target/node/node
[[1;34mINFO[m] Installed node locally.
[[1;34mINFO[m] Installing npm version 8.11.0
[[1;34mINFO[m] Unpacking /home/pi/.m2/repository/com/github/eirslett/npm/8.11.0/npm-8.11.0.tar.gz into /home/pi/osiekblinds/target/node/node_modules
[[1;34mINFO[m] Installed npm locally.
[[1;34mINFO[m] 
[[1;34mINFO[m] [1m--- [0;32mfrontend-maven-plugin:1.12.1:npm[m [1m(npm install)[m @ [36mosiekblinds[0;1m ---[m
[[1;34mINFO[m] Running 'npm install' in /home/pi/osiekblinds/ui
[[1;34mINFO[m] 
[[1;34mINFO[m] up to date, audited 1525 packages in 28s
[[1;34mINFO[m] 
[[1;34mINFO[m] 219 packages are looking for funding
[[1;34mINFO[m]   run `npm fund` for details
[[1;34mINFO[m] 
[[1;34mINFO[m] 6 high severity vulnerabilities
[[1;34mINFO[m] 
[[1;34mINFO[m] To address all issues (including breaking changes), run:
[[1;34mINFO[m]   npm audit fix --force
[[1;34mINFO[m] 
[[1;34mINFO[m] Run `npm audit` for details.
[[1;34mINFO[m] 
[[1;34mINFO[m] [1m--- [0;32mfrontend-maven-plugin:1.12.1:npm[m [1m(npm run build)[m @ [36mosiekblinds[0;1m ---[m
[[1;34mINFO[m] Running 'npm run build' in /home/pi/osiekblinds/ui
[[1;34mINFO[m] 
[[1;34mINFO[m] > frontend@0.1.0 build
[[1;34mINFO[m] > react-scripts build
[[1;34mINFO[m] 
[[1;34mINFO[m] Creating an optimized production build...
[[1;34mINFO[m] Compiled successfully.
[[1;34mINFO[m] 
[[1;34mINFO[m] File sizes after gzip:
[[1;34mINFO[m] 
[[1;34mINFO[m]   167.65 kB  build/static/js/main.57c6e1b2.js
[[1;34mINFO[m]   1.78 kB    build/static/js/787.cda612ba.chunk.js
[[1;34mINFO[m]   626 B      build/static/css/main.954dff62.css
[[1;34mINFO[m] 
[[1;34mINFO[m] The project was built assuming it is hosted at /.
[[1;34mINFO[m] You can control this with the homepage field in your package.json.
[[1;34mINFO[m] 
[[1;34mINFO[m] The build folder is ready to be deployed.
[[1;34mINFO[m] You may serve it with a static server:
[[1;34mINFO[m] 
[[1;34mINFO[m]   npm install -g serve
[[1;34mINFO[m]   serve -s build
[[1;34mINFO[m] 
[[1;34mINFO[m] Find out more about deployment here:
[[1;34mINFO[m] 
[[1;34mINFO[m]   https://cra.link/deployment
[[1;34mINFO[m] 
[[1;34mINFO[m] 
[[1;34mINFO[m] [1m--- [0;32mmaven-antrun-plugin:3.0.0:run[m [1m(default)[m @ [36mosiekblinds[0;1m ---[m
[[1;34mINFO[m] Executing tasks
[[1;34mINFO[m]      [copy] Copying 16 files to /home/pi/osiekblinds/target/classes/public
[[1;34mINFO[m] Executed tasks
[[1;34mINFO[m] 
[[1;34mINFO[m] [1m--- [0;32mmaven-resources-plugin:3.2.0:resources[m [1m(default-resources)[m @ [36mosiekblinds[0;1m ---[m
[[1;34mINFO[m] Using 'UTF-8' encoding to copy filtered resources.
[[1;34mINFO[m] Using 'UTF-8' encoding to copy filtered properties files.
[[1;34mINFO[m] Copying 1 resource
[[1;34mINFO[m] Copying 2 resources
[[1;34mINFO[m] 
[[1;34mINFO[m] [1m--- [0;32mmaven-compiler-plugin:3.10.1:compile[m [1m(default-compile)[m @ [36mosiekblinds[0;1m ---[m
[[1;34mINFO[m] Changes detected - recompiling the module!
[[1;34mINFO[m] Compiling 15 source files to /home/pi/osiekblinds/target/classes
[[1;34mINFO[m] 
[[1;34mINFO[m] [1m--- [0;32mmaven-resources-plugin:3.2.0:testResources[m [1m(default-testResources)[m @ [36mosiekblinds[0;1m ---[m
[[1;34mINFO[m] Not copying test resources
[[1;34mINFO[m] 
[[1;34mINFO[m] [1m--- [0;32mmaven-compiler-plugin:3.10.1:testCompile[m [1m(default-testCompile)[m @ [36mosiekblinds[0;1m ---[m
[[1;34mINFO[m] Not compiling test sources
[[1;34mINFO[m] 
[[1;34mINFO[m] [1m--- [0;32mmaven-surefire-plugin:2.22.2:test[m [1m(default-test)[m @ [36mosiekblinds[0;1m ---[m
[[1;34mINFO[m] Tests are skipped.
[[1;34mINFO[m] 
[[1;34mINFO[m] [1m--- [0;32mmaven-jar-plugin:3.2.2:jar[m [1m(default-jar)[m @ [36mosiekblinds[0;1m ---[m
[[1;34mINFO[m] Building jar: /home/pi/osiekblinds/target/osiekblinds-0.0.1-SNAPSHOT.jar
[[1;34mINFO[m] 
[[1;34mINFO[m] [1m--- [0;32mspring-boot-maven-plugin:2.7.1:repackage[m [1m(repackage)[m @ [36mosiekblinds[0;1m ---[m
[[1;34mINFO[m] Replacing main artifact with repackaged archive
[[1;34mINFO[m] 
[[1;34mINFO[m] [1m--- [0;32mmaven-install-plugin:2.5.2:install[m [1m(default-install)[m @ [36mosiekblinds[0;1m ---[m
[[1;34mINFO[m] Installing /home/pi/osiekblinds/target/osiekblinds-0.0.1-SNAPSHOT.jar to /home/pi/.m2/repository/moscode/osiekblinds/0.0.1-SNAPSHOT/osiekblinds-0.0.1-SNAPSHOT.jar
[[1;34mINFO[m] Installing /home/pi/osiekblinds/pom.xml to /home/pi/.m2/repository/moscode/osiekblinds/0.0.1-SNAPSHOT/osiekblinds-0.0.1-SNAPSHOT.pom
[[1;34mINFO[m] [1m------------------------------------------------------------------------[m
[[1;34mINFO[m] [1;32mBUILD SUCCESS[m
[[1;34mINFO[m] [1m------------------------------------------------------------------------[m
[[1;34mINFO[m] Total time:  05:14 min
[[1;34mINFO[m] Finished at: 2022-08-03T12:20:32+01:00
[[1;34mINFO[m] [1m------------------------------------------------------------------------[m
